<?xml version="1.0" encoding="UTF-8"?>
<!-- Generated by org.testng.reporters.JUnitReportReporter -->
<testsuite skipped="0" hostname="DESKTOP-8PEJRGM" name="com.railway.testcases.UserRegistration" tests="1" failures="0" timestamp="14 Jan 2021 16:52:39 GMT" time="23.834" errors="0">
  <testcase name="userregistration" time="23.834" classname="com.railway.testcases.UserRegistration"/>
</testsuite> <!-- com.railway.testcases.UserRegistration -->
