<?xml version="1.0" encoding="UTF-8"?>
<!-- Generated by org.testng.reporters.JUnitReportReporter -->
<testsuite skipped="0" hostname="DESKTOP-8PEJRGM" name="com.railway.testcases.UserLogin" tests="1" failures="0" timestamp="15 Jan 2021 03:44:25 GMT" time="54.597" errors="0">
  <testcase name="irctcLogin" time="54.597" classname="com.railway.testcases.UserLogin"/>
</testsuite> <!-- com.railway.testcases.UserLogin -->
